<?xml version="1.0" encoding="UTF-8"?>
<!-- Generated by org.testng.reporters.JUnitReportReporter -->
<testsuite hostname="TYSS-Priyatharsan_D" failures="0" tests="1" name="com.reqres.test.requestBody.UsingPOJO" time="4.251" errors="0" timestamp="2025-01-17T11:25:02 IST" skipped="0">
  <testcase classname="com.reqres.test.requestBody.UsingPOJO" name="createUser" time="4.251"/>
  <system-out/>
</testsuite> <!-- com.reqres.test.requestBody.UsingPOJO -->
