<?xml version="1.0" encoding="UTF-8"?>
<!-- Generated by org.testng.reporters.JUnitReportReporter -->
<testsuite hostname="TYSS-Priyatharsan_D" failures="0" tests="1" name="com.reqres.test.requestBody.UsingHashMap" time="3.547" errors="0" timestamp="2025-01-17T11:25:17 IST" skipped="0">
  <testcase classname="com.reqres.test.requestBody.UsingHashMap" name="createUser" time="3.547"/>
  <system-out/>
</testsuite> <!-- com.reqres.test.requestBody.UsingHashMap -->
