<?xml version="1.0" encoding="UTF-8"?>
<!-- Generated by org.testng.reporters.JUnitReportReporter -->
<testsuite hostname="TYSS-Priyatharsan_D" failures="0" tests="1" name="com.reqres.test.responseValidation.CaptureResponse" time="4.765" errors="0" timestamp="2025-01-17T17:46:16 IST" skipped="0">
  <testcase classname="com.reqres.test.responseValidation.CaptureResponse" name="captureResponse" time="4.765"/>
  <system-out/>
</testsuite> <!-- com.reqres.test.responseValidation.CaptureResponse -->
