<?xml version="1.0" encoding="UTF-8"?>
<!-- Generated by org.testng.reporters.JUnitReportReporter -->
<testsuite hostname="TYSS-Priyatharsan_D" failures="0" tests="2" name="com.reqres.test.authentication.Basic" time="5.317" errors="0" timestamp="2025-01-20T12:31:56 IST" skipped="0">
  <testcase classname="com.reqres.test.authentication.Basic" name="login" time="4.376"/>
  <system-out/>
  <testcase classname="com.reqres.test.authentication.Basic" name="viewCart" time="0.941"/>
  <system-out/>
</testsuite> <!-- com.reqres.test.authentication.Basic -->
