<?xml version="1.0" encoding="UTF-8"?>
<!-- Generated by org.testng.reporters.JUnitReportReporter -->
<testsuite hostname="TYSS-Priyatharsan_D" failures="0" tests="1" name="com.reqres.test.serialization.Serialization" time="4.346" errors="0" timestamp="2025-01-20T11:59:29 IST" skipped="0">
  <testcase classname="com.reqres.test.serialization.Serialization" name="test" time="4.346"/>
  <system-out/>
</testsuite> <!-- com.reqres.test.serialization.Serialization -->
