<?xml version="1.0" encoding="UTF-8"?>
<!-- Generated by org.testng.reporters.JUnitReportReporter -->
<testsuite hostname="TYSS-Priyatharsan_D" failures="0" tests="1" name="com.reqres.test.responseValidation.Validation1" time="5.391" errors="0" timestamp="2025-01-17T16:52:30 IST" skipped="0">
  <testcase classname="com.reqres.test.responseValidation.Validation1" name="validateTest" time="5.391"/>
  <system-out/>
</testsuite> <!-- com.reqres.test.responseValidation.Validation1 -->
