<?xml version="1.0" encoding="UTF-8"?>
<!-- Generated by org.testng.reporters.JUnitReportReporter -->
<testsuite hostname="TYSS-Priyatharsan_D" failures="0" tests="1" name="com.reqres.test.DeleteUserTest" time="3.136" errors="0" timestamp="2025-01-16T18:29:17 IST" skipped="0">
  <testcase classname="com.reqres.test.DeleteUserTest" name="delete" time="3.136"/>
  <system-out/>
</testsuite> <!-- com.reqres.test.DeleteUserTest -->
