<?xml version="1.0" encoding="UTF-8"?>
<!-- Generated by org.testng.reporters.JUnitReportReporter -->
<testsuite hostname="TYSS-Priyatharsan_D" failures="0" tests="1" name="com.reqres.test.ReadUserTest" time="2.952" errors="0" timestamp="2025-01-16T18:23:07 IST" skipped="0">
  <testcase classname="com.reqres.test.ReadUserTest" name="getUserTest" time="2.952"/>
  <system-out/>
</testsuite> <!-- com.reqres.test.ReadUserTest -->
