<?xml version="1.0" encoding="UTF-8"?>
<!-- Generated by org.testng.reporters.JUnitReportReporter -->
<testsuite hostname="TYSS-Priyatharsan_D" failures="0" tests="1" name="com.reqres.test.requestBody.complex.UsingJsonObject" time="2.687" errors="0" timestamp="2025-01-29T10:22:40 IST" skipped="0">
  <testcase classname="com.reqres.test.requestBody.complex.UsingJsonObject" name="post" time="2.687"/>
  <system-out/>
</testsuite> <!-- com.reqres.test.requestBody.complex.UsingJsonObject -->
