<?xml version="1.0" encoding="UTF-8"?>
<!-- Generated by org.testng.reporters.JUnitReportReporter -->
<testsuite hostname="TYSS-Priyatharsan_D" failures="0" tests="1" name="com.reqres.test.parameters.PathParam" time="4.887" errors="0" timestamp="2025-01-17T13:04:32 IST" skipped="0">
  <testcase classname="com.reqres.test.parameters.PathParam" name="getPet" time="4.887"/>
  <system-out/>
</testsuite> <!-- com.reqres.test.parameters.PathParam -->
