<?xml version="1.0" encoding="UTF-8"?>
<!-- Generated by org.testng.reporters.JUnitReportReporter -->
<testsuite hostname="TYSS-Priyatharsan_D" failures="0" tests="1" name="com.reqres.test.parameters.FormParam" time="4.328" errors="0" timestamp="2025-01-17T15:25:42 IST" skipped="0">
  <testcase classname="com.reqres.test.parameters.FormParam" name="updatePet" time="4.328"/>
  <system-out/>
</testsuite> <!-- com.reqres.test.parameters.FormParam -->
