<?xml version="1.0" encoding="UTF-8"?>
<!-- Generated by org.testng.reporters.JUnitReportReporter -->
<testsuite hostname="TYSS-Priyatharsan_D" failures="0" tests="1" name="com.reqres.test.parameters.QueryParam" time="3.394" errors="0" timestamp="2025-01-17T15:42:56 IST" skipped="0">
  <testcase classname="com.reqres.test.parameters.QueryParam" name="getUsers" time="3.394"/>
  <system-out/>
</testsuite> <!-- com.reqres.test.parameters.QueryParam -->
