<?xml version="1.0" encoding="UTF-8"?>
<!-- Generated by org.testng.reporters.JUnitReportReporter -->
<testsuite hostname="TYSS-Priyatharsan_D" failures="0" tests="1" name="com.reqres.test.CreateUserTest" time="3.510" errors="0" timestamp="2025-01-16T18:20:54 IST" skipped="0">
  <testcase classname="com.reqres.test.CreateUserTest" name="create" time="3.510"/>
  <system-out/>
</testsuite> <!-- com.reqres.test.CreateUserTest -->
