<?xml version="1.0" encoding="UTF-8"?>
<!-- Generated by org.testng.reporters.JUnitReportReporter -->
<testsuite hostname="TYSS-Priyatharsan_D" failures="0" tests="1" name="com.reqres.test.requestBody.complex.UsingHashMap" time="8.332" errors="0" timestamp="2025-01-17T16:41:53 IST" skipped="0">
  <testcase classname="com.reqres.test.requestBody.complex.UsingHashMap" name="createPet" time="8.332"/>
  <system-out/>
</testsuite> <!-- com.reqres.test.requestBody.complex.UsingHashMap -->
