<?xml version="1.0" encoding="UTF-8"?>
<!-- Generated by org.testng.reporters.JUnitReportReporter -->
<testsuite hostname="TYSS-Priyatharsan_D" failures="0" tests="1" name="com.reqres.test.requestBody.complex.UsingPOJO" time="4.835" errors="0" timestamp="2025-01-17T11:58:37 IST" skipped="0">
  <testcase classname="com.reqres.test.requestBody.complex.UsingPOJO" name="createPet" time="4.835"/>
  <system-out/>
</testsuite> <!-- com.reqres.test.requestBody.complex.UsingPOJO -->
