<?xml version="1.0" encoding="UTF-8"?>
<!-- Generated by org.testng.reporters.JUnitReportReporter -->
<testsuite hostname="TYSS-Priyatharsan_D" failures="0" tests="1" name="com.reqres.test.createDependency.ReadPetTest" time="1.532" errors="0" timestamp="2025-01-20T11:20:18 IST" skipped="0">
  <testcase classname="com.reqres.test.createDependency.ReadPetTest" name="readPet" time="1.532"/>
  <system-out/>
</testsuite> <!-- com.reqres.test.createDependency.ReadPetTest -->
