<?xml version="1.0" encoding="UTF-8"?>
<!-- Generated by org.testng.reporters.JUnitReportReporter -->
<testsuite hostname="TYSS-Priyatharsan_D" failures="0" tests="1" name="com.reqres.test.requestBody.PayLoad" time="3.597" errors="0" timestamp="2025-01-21T11:46:30 IST" skipped="0">
  <testcase classname="com.reqres.test.requestBody.PayLoad" name="createUser" time="3.597"/>
  <system-out/>
</testsuite> <!-- com.reqres.test.requestBody.PayLoad -->
