<?xml version="1.0" encoding="UTF-8"?>
<!-- Generated by org.testng.reporters.JUnitReportReporter -->
<testsuite hostname="TYSS-Priyatharsan_D" failures="0" tests="1" name="com.reqres.test.requestBody.UsingJosnFile" time="3.301" errors="0" timestamp="2025-01-17T11:22:34 IST" skipped="0">
  <testcase classname="com.reqres.test.requestBody.UsingJosnFile" name="createUser" time="3.301"/>
  <system-out/>
</testsuite> <!-- com.reqres.test.requestBody.UsingJosnFile -->
