<?xml version="1.0" encoding="UTF-8"?>
<!-- Generated by org.testng.reporters.JUnitReportReporter -->
<testsuite hostname="TYSS-Priyatharsan_D" failures="0" tests="1" name="com.reqres.test.createDependency.CreatePetTest" time="4.386" errors="0" timestamp="2025-01-20T11:20:18 IST" skipped="0">
  <testcase classname="com.reqres.test.createDependency.CreatePetTest" name="createPet" time="4.386"/>
  <system-out/>
</testsuite> <!-- com.reqres.test.createDependency.CreatePetTest -->
