<?xml version="1.0" encoding="UTF-8"?>
<!-- Generated by org.testng.reporters.JUnitReportReporter -->
<testsuite hostname="TYSS-Priyatharsan_D" failures="0" tests="1" name="com.reqres.test.parameters.UploadFile" time="4.759" errors="0" timestamp="2025-01-17T15:50:07 IST" skipped="0">
  <testcase classname="com.reqres.test.parameters.UploadFile" name="uploadImage" time="4.759"/>
  <system-out/>
</testsuite> <!-- com.reqres.test.parameters.UploadFile -->
